{
  "RSpec": {
    "coverage": {
      "/Users/taylorcavaletto/GitMyCurriculum/app/helpers/application_helper.rb": [
        null,
        1,
        1,
        0,
        null,
        0,
        null,
        0,
        null,
        0,
        null,
        0,
        null,
        0,
        null,
        null,
        null
      ],
      "/Users/taylorcavaletto/GitMyCurriculum/app/helpers/curricula_helper.rb": [
        null,
        1,
        null
      ],
      "/Users/taylorcavaletto/GitMyCurriculum/app/helpers/devise_helper.rb": [
        null,
        1,
        1,
        7,
        null,
        6,
        3,
        null,
        null,
        null,
        null,
        null,
        null,
        3,
        null,
        null
      ],
      "/Users/taylorcavaletto/GitMyCurriculum/app/helpers/profile_helper.rb": [
        null,
        1,
        null
      ],
      "/Users/taylorcavaletto/GitMyCurriculum/app/helpers/search_helper.rb": [
        null,
        1,
        null
      ],
      "/Users/taylorcavaletto/GitMyCurriculum/app/helpers/splash_helper.rb": [
        null,
        1,
        1,
        6,
        null,
        null,
        1,
        3,
        null,
        null,
        1,
        3,
        null,
        null
      ],
      "/Users/taylorcavaletto/GitMyCurriculum/app/controllers/dashboard_controller.rb": [
        null,
        1,
        1,
        3,
        3,
        null,
        null
      ],
      "/Users/taylorcavaletto/GitMyCurriculum/app/controllers/application_controller.rb": [
        null,
        1,
        null,
        null,
        1,
        null,
        1,
        null,
        1,
        null,
        1,
        14,
        10,
        10,
        null,
        null,
        1,
        null,
        1,
        2,
        null,
        null,
        1,
        0,
        null,
        null
      ],
      "/Users/taylorcavaletto/GitMyCurriculum/app/controllers/search_controller.rb": [
        null,
        null,
        null,
        1,
        1,
        1,
        0,
        null,
        1,
        1,
        null,
        null
      ],
      "/Users/taylorcavaletto/GitMyCurriculum/app/controllers/splash_controller.rb": [
        null,
        1,
        1,
        null,
        null
      ],
      "/Users/taylorcavaletto/GitMyCurriculum/app/controllers/registrations_controller.rb": [
        null,
        1,
        1,
        1,
        null,
        null,
        1,
        4,
        4,
        null,
        null,
        null,
        1,
        4,
        null,
        4,
        1,
        1,
        1,
        1,
        1,
        null,
        0,
        0,
        0,
        null,
        null,
        3,
        3,
        null,
        null,
        null,
        null,
        1,
        0,
        null,
        null,
        null,
        null,
        null,
        1,
        0,
        0,
        null,
        0,
        0,
        0,
        0,
        0,
        null,
        0,
        0,
        null,
        0,
        0,
        null,
        null,
        null,
        null,
        1,
        0,
        0,
        0,
        0,
        0,
        null,
        null,
        null,
        null,
        null,
        null,
        null,
        1,
        0,
        0,
        null,
        null,
        1,
        null,
        1,
        null,
        0,
        null,
        null,
        null,
        null,
        null,
        1,
        0,
        null,
        null,
        null,
        null,
        1,
        8,
        null,
        null,
        null,
        null,
        1,
        1,
        null,
        null,
        null,
        null,
        1,
        1,
        null,
        null,
        null,
        null,
        1,
        0,
        null,
        null,
        null,
        null,
        1,
        0,
        null,
        null,
        null,
        1,
        0,
        0,
        null,
        null,
        1,
        4,
        null,
        null,
        1,
        0,
        null,
        null
      ],
      "/Users/taylorcavaletto/GitMyCurriculum/app/models/curricula.rb": [
        null,
        null,
        null,
        null,
        null,
        null,
        null,
        null,
        null,
        null,
        null,
        1,
        1,
        1,
        null,
        1,
        null,
        1,
        1,
        null,
        null
      ],
      "/Users/taylorcavaletto/GitMyCurriculum/app/models/user_curricula.rb": [
        null,
        1,
        1,
        1,
        null
      ],
      "/Users/taylorcavaletto/GitMyCurriculum/app/controllers/sessions_controller.rb": [
        null,
        1,
        1,
        1,
        3,
        null,
        null,
        1,
        0,
        0,
        0,
        null,
        null,
        null,
        1,
        2,
        2,
        1,
        1,
        1,
        1,
        null,
        null,
        null,
        1,
        0,
        0,
        0,
        0,
        null,
        null,
        null,
        0,
        0,
        0,
        null,
        null,
        null,
        1,
        null,
        1,
        0,
        null,
        null,
        1,
        0,
        0,
        0,
        0,
        null,
        null,
        1,
        0,
        null,
        null
      ]
    },
    "timestamp": 1393364135
  }
}
